[Message:   BepInEx] BepInEx 5.4.5.0 - DSPGAME
[Info   :   BepInEx] Running under Unity v2018.4.12.5889476
[Info   :   BepInEx] CLR runtime version: 2.0.50727.1433
[Info   :   BepInEx] Supports SRE: True
[Info   :   BepInEx] System platform: Bits64, Windows
[Message:   BepInEx] Preloader started
[Info   :   BepInEx] 1 patcher plugin loaded
[Info   :   BepInEx] Patching [UnityEngine.CoreModule] with [BepInEx.Chainloader]
[Message:   BepInEx] Preloader finished
[Message:   BepInEx] Chainloader ready
[Message:   BepInEx] Chainloader started
[Info   :   BepInEx] 16 plugins to load
[Info   :   BepInEx] Loading [FreeFoundationsFreeSoil 1.1.6]
[Info   :   BepInEx] Loading [PowerNodeMultipliers 1.0.0]
[Info   :   BepInEx] Loading [Game Speed 0.5.1]
[Info   :   BepInEx] Loading [XUnity Auto Translator 4.13.0]
[Info   :XUnity.AutoTranslator] Loaded XUnity.AutoTranslator into Unity [2018.4.12f1] game.
[Info   :   BepInEx] Loading [XUnity Resource Redirector 1.1.3]
[Info   :   BepInEx] Loading [LDBTool 1.8.0]
[Info   :   BepInEx] Loading [Zorbs alternative start mod 1.3.3]
[Info   :   BepInEx] Loading [BuildAnywhere 1.4.0]
[Info   :   BepInEx] Loading [More or less dense 1.0.2]
[Info   :   BepInEx] Loading [More or less stars 1.0.1]
[Info   :   BepInEx] Loading [More Replication 1.2.1]
[Info   :   BepInEx] Loading [Copy Inserters Plug-In 1.4.0.0]
[Info   :   BepInEx] Loading [More Smelters 0.3.1]
[Info   :   BepInEx] Loading [More Storage 0.2.1]
[Info   :   BepInEx] Loading [DSP Advanced miner 0.1.0.4]
[Error  :DSP Advanced miner] Cannot find folder with verta files. Mod WILL not work!
[Info   :   BepInEx] Loading [Miner Info Plugin 1.0.0.0]
[Message:   BepInEx] Chainloader startup complete
[Warning:  HarmonyX] AccessTools.Method: Could not find method for type System.Exception and name PrepForRemoting and parameters 
[Info   :XUnity.AutoTranslator] Skipping plugin scan because no plugin-specific translations has been registered.
[Info   :PowerNodeMultipliers] ### Attemting to edit Tesla Tower Item
[Info   :PowerNodeMultipliers] ### Editing Tesla Tower successful!
[Info   :PowerNodeMultipliers] ### Attemting to edit Wireless Power Station Item
[Info   :PowerNodeMultipliers] ### Editing Wireless Power Station successful!
[Info   :PowerNodeMultipliers] ### Attemting to edit Satellite Substation Item
[Info   :PowerNodeMultipliers] ### Editing Satellite Substation successful!
